<?xml version="1.0" encoding="UTF-8" standalone="no"?>
<testsuite failures="1" name="cucumber.runtime.formatter.JUnitFormatter" skipped="0" tests="6" time="197.430382">
    <testcase classname="To validate the account creation of fb application" name="To create new account" time="57.949456">
        <failure message="org.openqa.selenium.NoSuchElementException: no such element: Unable to locate element: {&quot;method&quot;:&quot;xpath&quot;,&quot;selector&quot;:&quot;(//input[@type='text'])[2]&quot;}&#10;  (Session info: chrome=108.0.5359.125)&#10;For documentation on this error, please visit: https://www.seleniumhq.org/exceptions/no_such_element.html&#10;Build info: version: '3.141.59', revision: 'e82be7d358', time: '2018-11-14T08:17:03'&#10;System info: host: 'DESKTOP-VUVTIUS', ip: '192.168.1.10', os.name: 'Windows 10', os.arch: 'amd64', os.version: '10.0', java.version: '17.0.4.1'&#10;Driver info: org.openqa.selenium.chrome.ChromeDriver&#10;Capabilities {acceptInsecureCerts: false, browserName: chrome, browserVersion: 108.0.5359.125, chrome: {chromedriverVersion: 108.0.5359.71 (1e0e3868ee06..., userDataDir: C:\Users\HP\AppData\Local\T...}, goog:chromeOptions: {debuggerAddress: localhost:64041}, javascriptEnabled: true, networkConnectionEnabled: false, pageLoadStrategy: normal, platform: WINDOWS, platformName: WINDOWS, proxy: Proxy(), setWindowRect: true, strictFileInteractability: false, timeouts: {implicit: 0, pageLoad: 300000, script: 30000}, unhandledPromptBehavior: dismiss and notify, webauthn:extension:credBlob: true, webauthn:extension:largeBlob: true, webauthn:virtualAuthenticators: true}&#10;Session ID: 5e2ae05405b9bd2ac043750d1edb380b&#10;*** Element info: {Using=xpath, value=(//input[@type='text'])[2]}&#13;&#10;&#9;at java.base/jdk.internal.reflect.NativeConstructorAccessorImpl.newInstance0(Native Method)&#13;&#10;&#9;at java.base/jdk.internal.reflect.NativeConstructorAccessorImpl.newInstance(NativeConstructorAccessorImpl.java:77)&#13;&#10;&#9;at java.base/jdk.internal.reflect.DelegatingConstructorAccessorImpl.newInstance(DelegatingConstructorAccessorImpl.java:45)&#13;&#10;&#9;at java.base/java.lang.reflect.Constructor.newInstanceWithCaller(Constructor.java:499)&#13;&#10;&#9;at java.base/java.lang.reflect.Constructor.newInstance(Constructor.java:480)&#13;&#10;&#9;at org.openqa.selenium.remote.http.W3CHttpResponseCodec.createException(W3CHttpResponseCodec.java:187)&#13;&#10;&#9;at org.openqa.selenium.remote.http.W3CHttpResponseCodec.decode(W3CHttpResponseCodec.java:122)&#13;&#10;&#9;at org.openqa.selenium.remote.http.W3CHttpResponseCodec.decode(W3CHttpResponseCodec.java:49)&#13;&#10;&#9;at org.openqa.selenium.remote.HttpCommandExecutor.execute(HttpCommandExecutor.java:158)&#13;&#10;&#9;at org.openqa.selenium.remote.service.DriverCommandExecutor.execute(DriverCommandExecutor.java:83)&#13;&#10;&#9;at org.openqa.selenium.remote.RemoteWebDriver.execute(RemoteWebDriver.java:552)&#13;&#10;&#9;at org.openqa.selenium.remote.RemoteWebDriver.findElement(RemoteWebDriver.java:323)&#13;&#10;&#9;at org.openqa.selenium.remote.RemoteWebDriver.findElementByXPath(RemoteWebDriver.java:428)&#13;&#10;&#9;at org.openqa.selenium.By$ByXPath.findElement(By.java:353)&#13;&#10;&#9;at org.openqa.selenium.remote.RemoteWebDriver.findElement(RemoteWebDriver.java:315)&#13;&#10;&#9;at org.openqa.selenium.support.pagefactory.DefaultElementLocator.findElement(DefaultElementLocator.java:69)&#13;&#10;&#9;at org.openqa.selenium.support.pagefactory.internal.LocatingElementHandler.invoke(LocatingElementHandler.java:38)&#13;&#10;&#9;at jdk.proxy2/jdk.proxy2.$Proxy16.sendKeys(Unknown Source)&#13;&#10;&#9;at org.base.BaseClass.passText(BaseClass.java:49)&#13;&#10;&#9;at org.stepdefinition.Cucum6.to_pass_the_first_name_in_first_name_field(Cucum6.java:43)&#13;&#10;&#9;at ✽.To pass the first name in first name field(src/test/resources/FbRegistration.feature:12)&#13;&#10;"><![CDATA[Given To launch the browser and maximize the window.........................passed
When To launch the url of the fb application................................passed
And To click the create new account button..................................passed
And To pass the first name in first name field..............................failed
And To pass the last name in last name field................................skipped
And To pass mobileno or email in required field.............................skipped
And To create new password in new password field............................skipped
Then To close the Browser...................................................skipped

StackTrace:
org.openqa.selenium.NoSuchElementException: no such element: Unable to locate element: {"method":"xpath","selector":"(//input[@type='text'])[2]"}
  (Session info: chrome=108.0.5359.125)
For documentation on this error, please visit: https://www.seleniumhq.org/exceptions/no_such_element.html
Build info: version: '3.141.59', revision: 'e82be7d358', time: '2018-11-14T08:17:03'
System info: host: 'DESKTOP-VUVTIUS', ip: '192.168.1.10', os.name: 'Windows 10', os.arch: 'amd64', os.version: '10.0', java.version: '17.0.4.1'
Driver info: org.openqa.selenium.chrome.ChromeDriver
Capabilities {acceptInsecureCerts: false, browserName: chrome, browserVersion: 108.0.5359.125, chrome: {chromedriverVersion: 108.0.5359.71 (1e0e3868ee06..., userDataDir: C:\Users\HP\AppData\Local\T...}, goog:chromeOptions: {debuggerAddress: localhost:64041}, javascriptEnabled: true, networkConnectionEnabled: false, pageLoadStrategy: normal, platform: WINDOWS, platformName: WINDOWS, proxy: Proxy(), setWindowRect: true, strictFileInteractability: false, timeouts: {implicit: 0, pageLoad: 300000, script: 30000}, unhandledPromptBehavior: dismiss and notify, webauthn:extension:credBlob: true, webauthn:extension:largeBlob: true, webauthn:virtualAuthenticators: true}
Session ID: 5e2ae05405b9bd2ac043750d1edb380b
*** Element info: {Using=xpath, value=(//input[@type='text'])[2]}
	at java.base/jdk.internal.reflect.NativeConstructorAccessorImpl.newInstance0(Native Method)
	at java.base/jdk.internal.reflect.NativeConstructorAccessorImpl.newInstance(NativeConstructorAccessorImpl.java:77)
	at java.base/jdk.internal.reflect.DelegatingConstructorAccessorImpl.newInstance(DelegatingConstructorAccessorImpl.java:45)
	at java.base/java.lang.reflect.Constructor.newInstanceWithCaller(Constructor.java:499)
	at java.base/java.lang.reflect.Constructor.newInstance(Constructor.java:480)
	at org.openqa.selenium.remote.http.W3CHttpResponseCodec.createException(W3CHttpResponseCodec.java:187)
	at org.openqa.selenium.remote.http.W3CHttpResponseCodec.decode(W3CHttpResponseCodec.java:122)
	at org.openqa.selenium.remote.http.W3CHttpResponseCodec.decode(W3CHttpResponseCodec.java:49)
	at org.openqa.selenium.remote.HttpCommandExecutor.execute(HttpCommandExecutor.java:158)
	at org.openqa.selenium.remote.service.DriverCommandExecutor.execute(DriverCommandExecutor.java:83)
	at org.openqa.selenium.remote.RemoteWebDriver.execute(RemoteWebDriver.java:552)
	at org.openqa.selenium.remote.RemoteWebDriver.findElement(RemoteWebDriver.java:323)
	at org.openqa.selenium.remote.RemoteWebDriver.findElementByXPath(RemoteWebDriver.java:428)
	at org.openqa.selenium.By$ByXPath.findElement(By.java:353)
	at org.openqa.selenium.remote.RemoteWebDriver.findElement(RemoteWebDriver.java:315)
	at org.openqa.selenium.support.pagefactory.DefaultElementLocator.findElement(DefaultElementLocator.java:69)
	at org.openqa.selenium.support.pagefactory.internal.LocatingElementHandler.invoke(LocatingElementHandler.java:38)
	at jdk.proxy2/jdk.proxy2.$Proxy16.sendKeys(Unknown Source)
	at org.base.BaseClass.passText(BaseClass.java:49)
	at org.stepdefinition.Cucum6.to_pass_the_first_name_in_first_name_field(Cucum6.java:43)
	at ✽.To pass the first name in first name field(src/test/resources/FbRegistration.feature:12)
]]></failure>
    </testcase>
    <testcase classname="To validate the login functionality of facebook applications" name="To validate with valid email and invalid password" time="23.616484">
        <system-out><![CDATA[Given To launch the chrome browser and maximize window......................passed
When To launch the url of the  facebook applications........................passed
And To pass valid username in email field...................................passed
And To pass invalid password in password field..............................passed
And To click Login button...................................................passed
And To check whether navigate to homePage or not............................passed
Then To close the Browser...................................................passed
]]></system-out>
    </testcase>
    <testcase classname="To validate the login functionality of facebook applications" name="to validate the positive and negative combination of login functionality" time="39.934653">
        <system-out><![CDATA[Given To launch the chrome browser and maximize window......................passed
When User has to hit the facebook url.......................................passed
And User has to pass the data "selenium@gmailcom" in email field............passed
And User has to pass the data "inmakes" in password field...................passed
And User has to  click Login button.........................................passed
Then User has to close the browser..........................................passed
]]></system-out>
    </testcase>
    <testcase classname="To validate the login functionality of facebook applications" name="to validate the positive and negative combination of login functionality 2" time="50.107693">
        <system-out><![CDATA[Given To launch the chrome browser and maximize window......................passed
When User has to hit the facebook url.......................................passed
And User has to pass the data "inamkes@gmail.com" in email field............passed
And User has to pass the data "12345" in password field.....................passed
And User has to  click Login button.........................................passed
Then User has to close the browser..........................................passed
]]></system-out>
    </testcase>
    <testcase classname="To validate the login functionality of facebook applications" name="to validate the positive and negative combination of login functionality 3" time="15.98103">
        <system-out><![CDATA[Given To launch the chrome browser and maximize window......................passed
When User has to hit the facebook url.......................................passed
And User has to pass the data "shifa@gmail.com" in email field..............passed
And User has to pass the data "shifa44" in password field...................passed
And User has to  click Login button.........................................passed
Then User has to close the browser..........................................passed
]]></system-out>
    </testcase>
    <testcase classname="To validate the login functionality of facebook applications" name="to validate the positive and negative combination of login functionality 4" time="9.841066">
        <system-out><![CDATA[Given To launch the chrome browser and maximize window......................passed
When User has to hit the facebook url.......................................passed
And User has to pass the data "azar@gmail.com" in email field...............passed
And User has to pass the data "azar4445" in password field..................passed
And User has to  click Login button.........................................passed
Then User has to close the browser..........................................passed
]]></system-out>
    </testcase>
</testsuite>
